1604009620854	geckodriver	INFO	Listening on 127.0.0.1:38469
1604009620867	mozrunner::runner	INFO	Running command: "/usr/bin/firefox" "--marionette" "-foreground" "-no-remote" "-profile" "/tmp/rust_mozprofilec2ZwRb"
console.warn: SearchSettings: "get: No settings file exists, new profile?" (new Error("", "(unknown module)"))
1604009623872	Marionette	INFO	Listening on port 41279
1604009623910	Marionette	WARN	TLS certificate errors will be ignored for this session
JavaScript warning: https://web.whatsapp.com/app.6633b6b495238dace76e.js, line 1: unreachable code after return statement
JavaScript warning: https://web.whatsapp.com/app.6633b6b495238dace76e.js, line 1: unreachable code after return statement
console.error: Region.jsm: "Error fetching region" (new AbortError("The operation was aborted. ", (void 0), 697))
console.error: Region.jsm: "Failed to fetch region" (new Error("NO_RESULT", "resource://gre/modules/Region.jsm", 351))
1604009669908	Marionette	INFO	Stopped listening on port 41279
1604009710979	geckodriver	INFO	Listening on 127.0.0.1:57307
1604009710993	mozrunner::runner	INFO	Running command: "/usr/bin/firefox" "--marionette" "-foreground" "-no-remote" "-profile" "/tmp/rust_mozprofileVRfVst"
console.warn: SearchSettings: "get: No settings file exists, new profile?" (new Error("", "(unknown module)"))
1604009713925	Marionette	INFO	Listening on port 34497
1604009714043	Marionette	WARN	TLS certificate errors will be ignored for this session
JavaScript warning: https://web.whatsapp.com/app.6633b6b495238dace76e.js, line 1: unreachable code after return statement
JavaScript warning: https://web.whatsapp.com/app.6633b6b495238dace76e.js, line 1: unreachable code after return statement

###!!! [Parent][MessageChannel] Error: (msgtype=0x680008,name=PMessagePort::Msg___delete__) Channel closing: too late to send/recv, messages will be lost


###!!! [Parent][RunMessage] Error: Channel closing: too late to send/recv, messages will be lost


###!!! [Parent][RunMessage] Error: Channel closing: too late to send/recv, messages will be lost


###!!! [Parent][RunMessage] Error: Channel closing: too late to send/recv, messages will be lost

Exiting due to channel error.
Exiting due to channel error.
Exiting due to channel error.
1604012953833	geckodriver	INFO	Listening on 127.0.0.1:49449
1604012953843	mozrunner::runner	INFO	Running command: "/usr/bin/firefox" "--marionette" "-foreground" "-no-remote" "-profile" "/tmp/rust_mozprofileZEuhsQ"
console.warn: SearchSettings: "get: No settings file exists, new profile?" (new Error("", "(unknown module)"))
1604012956597	Marionette	INFO	Listening on port 36427
1604012956677	Marionette	WARN	TLS certificate errors will be ignored for this session
JavaScript warning: https://web.whatsapp.com/app.6633b6b495238dace76e.js, line 1: unreachable code after return statement
JavaScript warning: https://web.whatsapp.com/app.6633b6b495238dace76e.js, line 1: unreachable code after return statement

###!!! [Parent][MessageChannel] Error: (msgtype=0x680008,name=PMessagePort::Msg___delete__) Channel closing: too late to send/recv, messages will be lost


###!!! [Parent][RunMessage] Error: Channel closing: too late to send/recv, messages will be lost


###!!! [Parent][RunMessage] Error: Channel closing: too late to send/recv, messages will be lost


###!!! [Parent][RunMessage] Error: Channel closing: too late to send/recv, messages will be lost


###!!! [Parent][RunMessage] Error: Channel closing: too late to send/recv, messages will be lost

Exiting due to channel error.
[GFX1-]: Receive IPC close with reason=AbnormalShutdown
Exiting due to channel error.
Exiting due to channel error.
1604442364136	geckodriver	INFO	Listening on 127.0.0.1:35815
1604442365156	mozrunner::runner	INFO	Running command: "/usr/bin/firefox" "--marionette" "-foreground" "-no-remote" "-profile" "/tmp/rust_mozprofileyukry3"
console.warn: SearchSettings: "get: No settings file exists, new profile?" (new Error("", "(unknown module)"))
1604442368249	Marionette	INFO	Listening on port 45685
1604442368297	Marionette	WARN	TLS certificate errors will be ignored for this session
JavaScript warning: https://web.whatsapp.com/app.f4927c69ac82921514e2.js, line 1: unreachable code after return statement
JavaScript warning: https://web.whatsapp.com/app.f4927c69ac82921514e2.js, line 1: unreachable code after return statement

###!!! [Parent][RunMessage] Error: Channel closing: too late to send/recv, messages will be lost


###!!! [Parent][RunMessage] Error: Channel closing: too late to send/recv, messages will be lost


###!!! [Parent][RunMessage] Error: Channel closing: too late to send/recv, messages will be lost

